2023-07-03 13:12:31,647 INFO  [main] c.n.f.b.BaseTest - Extent Report Initialized successfully
2023-07-03 13:12:48,455 INFO  [main] c.n.f.b.BaseTest - Test 'verifySearchFunctionality' started.
2023-07-03 13:12:48,667 INFO  [main] c.n.f.b.BaseTest - Clicking on element: Element [Tag: input, Text: ]
2023-07-03 13:12:48,736 INFO  [main] c.n.f.b.BaseTest - Clicked on element: Element [Tag: input, Text: ]
2023-07-03 13:12:48,980 INFO  [main] c.n.f.b.BaseTest - Clicking on element: Element [Tag: button, Text: Search Icon]
2023-07-03 13:13:16,946 INFO  [main] c.n.f.b.BaseTest - Test 'verifySearchFunctionality' started.
2023-07-03 13:13:17,088 INFO  [main] c.n.f.b.BaseTest - Clicking on element: Element [Tag: input, Text: ]
2023-07-03 13:13:17,156 INFO  [main] c.n.f.b.BaseTest - Clicked on element: Element [Tag: input, Text: ]
2023-07-03 13:13:17,426 INFO  [main] c.n.f.b.BaseTest - Clicking on element: Element [Tag: button, Text: Search Icon]
2023-07-03 13:13:29,148 INFO  [main] c.n.f.b.BaseTest - Clicking on element: Element [Tag: button, Text: ✕]
2023-07-03 13:13:29,283 INFO  [main] c.n.f.b.BaseTest - Test 'verifySearchFunctionality' started.
2023-07-03 13:13:29,518 INFO  [main] c.n.f.b.BaseTest - Clicking on element: Element [Tag: input, Text: ]
2023-07-03 13:13:29,682 INFO  [main] c.n.f.b.BaseTest - Clicked on element: Element [Tag: input, Text: ]
2023-07-03 13:13:30,194 INFO  [main] c.n.f.b.BaseTest - Clicking on element: Element [Tag: button, Text: ]
2023-07-03 13:13:30,429 INFO  [main] c.n.f.b.BaseTest - Clicked on element: Element [Tag: button, Text: ]
2023-07-03 13:13:31,712 INFO  [main] c.n.f.b.BaseTest - Clicking on element: Element [Tag: input, Text: ]
2023-07-03 13:13:31,859 INFO  [main] c.n.f.b.BaseTest - Clicked on element: Element [Tag: input, Text: ]
2023-07-03 13:13:32,369 INFO  [main] c.n.f.b.BaseTest - Clicking on element: Element [Tag: button, Text: ]
2023-07-03 13:13:32,560 INFO  [main] c.n.f.b.BaseTest - Clicked on element: Element [Tag: button, Text: ]
2023-07-03 13:13:58,176 INFO  [main] c.n.f.b.BaseTest - Test 'verifySearchFunctionality' passed.
2023-07-03 13:13:58,867 INFO  [main] c.n.f.b.BaseTest - WebDriver closed successfully.
