2023-07-03 17:15:43,818 INFO  [main] c.n.f.b.BaseTest - Extent Report Initialized successfully
2023-07-03 17:15:59,749 INFO  [main] c.n.f.b.BaseTest - Clicking on element: Element [Tag: button, Text: ✕]
2023-07-03 17:15:59,839 INFO  [main] c.n.f.b.BaseTest - Test 'verifyNoBrokenImages' started.
2023-07-03 17:16:02,698 INFO  [main] c.n.f.b.BaseTest - Test 'verifyNoBrokenImages' passed.
2023-07-03 17:16:08,991 INFO  [main] c.n.f.b.BaseTest - Clicking on element: Element [Tag: button, Text: ✕]
2023-07-03 17:16:09,063 INFO  [main] c.n.f.b.BaseTest - Test 'verifyNoBrokenLinks' started.
2023-07-03 17:20:16,417 INFO  [main] c.n.f.b.BaseTest - Test 'verifyNoBrokenLinks' passed.
2023-07-03 17:20:22,828 INFO  [main] c.n.f.b.BaseTest - Clicking on element: Element [Tag: button, Text: ✕]
2023-07-03 17:20:22,907 INFO  [main] c.n.f.b.BaseTest - Test 'verifyPriceFilter' started.
2023-07-03 17:20:23,032 INFO  [main] c.n.f.b.BaseTest - Clicking on element: Element [Tag: input, Text: ]
2023-07-03 17:20:23,101 INFO  [main] c.n.f.b.BaseTest - Clicked on element: Element [Tag: input, Text: ]
2023-07-03 17:20:23,319 INFO  [main] c.n.f.b.BaseTest - Clicking on element: Element [Tag: button, Text: ]
2023-07-03 17:20:23,544 INFO  [main] c.n.f.b.BaseTest - Clicked on element: Element [Tag: button, Text: ]
2023-07-03 17:20:26,760 INFO  [main] c.n.f.b.BaseTest - Clicking on element: Element [Tag: option, Text: ₹300]
2023-07-03 17:20:26,922 INFO  [main] c.n.f.b.BaseTest - Clicked on element: Element [Tag: option, Text: ₹300]
2023-07-03 17:20:27,067 INFO  [main] c.n.f.b.BaseTest - Clicking on element: Element [Tag: option, Text: ₹700]
2023-07-03 17:20:27,169 INFO  [main] c.n.f.b.BaseTest - Clicked on element: Element [Tag: option, Text: ₹700]
2023-07-03 17:20:36,345 INFO  [main] c.n.f.b.BaseTest - Clicking on element: Element [Tag: option, Text: ₹500]
2023-07-03 17:20:36,448 INFO  [main] c.n.f.b.BaseTest - Clicked on element: Element [Tag: option, Text: ₹500]
2023-07-03 17:20:45,626 INFO  [main] c.n.f.b.BaseTest - Clicking on element: Element [Tag: option, Text: ₹1500]
2023-07-03 17:20:45,721 INFO  [main] c.n.f.b.BaseTest - Clicked on element: Element [Tag: option, Text: ₹1500]
2023-07-03 17:20:54,106 INFO  [main] c.n.f.b.BaseTest - Test 'verifyPriceFilter' passed.
2023-07-03 17:21:10,046 INFO  [main] c.n.f.b.BaseTest - Test 'verifySearchPageElements' started.
2023-07-03 17:21:10,248 INFO  [main] c.n.f.b.BaseTest - Clicking on element: Element [Tag: input, Text: ]
2023-07-03 17:21:10,372 INFO  [main] c.n.f.b.BaseTest - Clicked on element: Element [Tag: input, Text: ]
2023-07-03 17:21:10,784 INFO  [main] c.n.f.b.BaseTest - Clicking on element: Element [Tag: button, Text: Search Icon]
2023-07-03 17:21:13,441 INFO  [main] c.n.f.b.BaseTest - Clicking on element: Element [Tag: input, Text: ]
2023-07-03 17:21:13,683 INFO  [main] c.n.f.b.BaseTest - Clicked on element: Element [Tag: input, Text: ]
2023-07-03 17:21:13,935 INFO  [main] c.n.f.b.BaseTest - Clicking on element: Element [Tag: button, Text: ]
2023-07-03 17:21:14,060 INFO  [main] c.n.f.b.BaseTest - Clicked on element: Element [Tag: button, Text: ]
2023-07-03 17:21:17,166 INFO  [main] c.n.f.b.BaseTest - Clicking on element: Element [Tag: input, Text: ]
2023-07-03 17:21:17,233 INFO  [main] c.n.f.b.BaseTest - Clicked on element: Element [Tag: input, Text: ]
2023-07-03 17:21:17,406 INFO  [main] c.n.f.b.BaseTest - Clicking on element: Element [Tag: button, Text: ]
2023-07-03 17:21:17,528 INFO  [main] c.n.f.b.BaseTest - Clicked on element: Element [Tag: button, Text: ]
2023-07-03 17:21:20,615 INFO  [main] c.n.f.b.BaseTest - Clicking on element: Element [Tag: input, Text: ]
2023-07-03 17:21:20,694 INFO  [main] c.n.f.b.BaseTest - Clicked on element: Element [Tag: input, Text: ]
2023-07-03 17:21:20,877 INFO  [main] c.n.f.b.BaseTest - Clicking on element: Element [Tag: button, Text: ]
2023-07-03 17:21:20,989 INFO  [main] c.n.f.b.BaseTest - Clicked on element: Element [Tag: button, Text: ]
2023-07-03 17:21:24,091 INFO  [main] c.n.f.b.BaseTest - Test 'verifySearchPageElements' passed.
2023-07-03 17:21:30,667 INFO  [main] c.n.f.b.BaseTest - Clicking on element: Element [Tag: button, Text: ✕]
2023-07-03 17:21:30,736 INFO  [main] c.n.f.b.BaseTest - Test 'verifySortFunctionality' started.
2023-07-03 17:21:30,825 INFO  [main] c.n.f.b.BaseTest - Clicking on element: Element [Tag: input, Text: ]
2023-07-03 17:21:30,893 INFO  [main] c.n.f.b.BaseTest - Clicked on element: Element [Tag: input, Text: ]
2023-07-03 17:21:31,108 INFO  [main] c.n.f.b.BaseTest - Clicking on element: Element [Tag: button, Text: ]
2023-07-03 17:21:31,226 INFO  [main] c.n.f.b.BaseTest - Clicked on element: Element [Tag: button, Text: ]
2023-07-03 17:21:34,346 INFO  [main] c.n.f.b.BaseTest - Clicking on element: Element [Tag: div, Text: Price -- Low to High]
2023-07-03 17:21:34,464 INFO  [main] c.n.f.b.BaseTest - Clicked on element: Element [Tag: div, Text: Price -- Low to High]
2023-07-03 17:21:43,162 INFO  [main] c.n.f.b.BaseTest - Clicking on element: Element [Tag: div, Text: Price -- High to Low]
2023-07-03 17:21:43,329 INFO  [main] c.n.f.b.BaseTest - Clicked on element: Element [Tag: div, Text: Price -- High to Low]
2023-07-03 17:21:51,917 INFO  [main] c.n.f.b.BaseTest - Test 'verifySortFunctionality' passed.
2023-07-03 17:21:53,094 INFO  [main] c.n.f.b.BaseTest - WebDriver closed successfully.
